Using pre-set license
Built from '2020.2/release' branch; Version is '2020.2.0f1 (3721df5a8b28) revision 3613151'; Using compiler version '192528614'; Build Type 'Release'
OS: 'Windows 10  (10.0.0) 64bit' Language: 'en' Physical Memory: 16333 MB
BatchMode: 1, IsHumanControllingUs: 0, StartBugReporterOnCrash: 0, Is64bit: 1, IsPro: 0

 COMMAND LINE ARGUMENTS:
D:\Dev\Versions\2020.2.0f1\Editor\Unity.exe
-adb2
-batchMode
-noUpm
-name
AssetImportWorker0
-projectPath
D:/Project/RollAnything
-logFile
Logs/AssetImportWorker0.log
-srvPort
60614
Successfully changed project path to: D:/Project/RollAnything
D:/Project/RollAnything
Using Asset Import Pipeline V2.
Refreshing native plugins compatible for Editor in 109.18 ms, found 0 plugins.
Preloading 0 native plugins for Editor in 0.00 ms.
Initialize engine version: 2020.2.0f1 (3721df5a8b28)
[Subsystems] Discovering subsystems at path D:/Dev/Versions/2020.2.0f1/Editor/Data/Resources/UnitySubsystems
[Subsystems] Discovering subsystems at path D:/Project/RollAnything/Assets
GfxDevice: creating device client; threaded=0
Direct3D:
    Version:  Direct3D 11.0 [level 11.1]
    Renderer: NVIDIA GeForce RTX 2080 SUPER (ID=0x1e81)
    Vendor:   
    VRAM:     8010 MB
    Driver:   27.21.14.6079
Shader 'Universal Render Pipeline/Particles/Lit': fallback shader 'Universal Render Pipeline/Particles/SimpleLit' not found
Initialize mono
Mono path[0] = 'D:/Dev/Versions/2020.2.0f1/Editor/Data/Managed'
Mono path[1] = 'D:/Dev/Versions/2020.2.0f1/Editor/Data/MonoBleedingEdge/lib/mono/unityjit'
Mono config path = 'D:/Dev/Versions/2020.2.0f1/Editor/Data/MonoBleedingEdge/etc'
Using monoOptions --debugger-agent=transport=dt_socket,embedding=1,server=y,suspend=n,address=127.0.0.1:56260
Begin MonoManager ReloadAssembly
Registering precompiled unity dll's ...
Register platform support module: D:/Dev/Versions/2020.2.0f1/Editor/Data/PlaybackEngines/WindowsStandaloneSupport/UnityEditor.WindowsStandalone.Extensions.dll
Registered in 0.000882 seconds.
Native extension for WindowsStandalone target not found
Refreshing native plugins compatible for Editor in 39.99 ms, found 0 plugins.
Preloading 0 native plugins for Editor in 0.00 ms.
Invoked RoslynAnalysisRunner static constructor.
RoslynAnalysisRunner will not be running.
RoslynAnalysisRunner has terminated.
Mono: successfully reloaded assembly
- Completed reload, in  1.042 seconds
Platform modules already initialized, skipping
Registering precompiled user dll's ...
Registered in 0.001779 seconds.
Begin MonoManager ReloadAssembly
Native extension for WindowsStandalone target not found
Refreshing native plugins compatible for Editor in 40.61 ms, found 0 plugins.
Preloading 0 native plugins for Editor in 0.00 ms.
[Rider] [Info] Rider plugin initialized. You may change the amount of Rider Debug output via Edit -> Preferences -> Rider -> Logging Level
UnityEngine.StackTraceUtility:ExtractStackTrace ()
UnityEngine.DebugLogHandler:LogFormat (UnityEngine.LogType,UnityEngine.Object,string,object[])
UnityEngine.Logger:Log (UnityEngine.LogType,object)
UnityEngine.Debug:Log (object)
Plugins.Editor.JetBrains.RiderPlugin:Log (Plugins.Editor.JetBrains.RiderPlugin/LoggingLevel,string) (at Assets/Plugins/Editor/JetBrains/Unity3DRider.cs:292)
Plugins.Editor.JetBrains.RiderPlugin:InitRiderPlugin () (at Assets/Plugins/Editor/JetBrains/Unity3DRider.cs:419)
Plugins.Editor.JetBrains.RiderPlugin:.cctor () (at Assets/Plugins/Editor/JetBrains/Unity3DRider.cs:406)
System.Runtime.CompilerServices.RuntimeHelpers:RunClassConstructor (System.RuntimeTypeHandle)
UnityEditor.EditorAssemblies:ProcessInitializeOnLoadAttributes (System.Type[])

(Filename: Assets/Plugins/Editor/JetBrains/Unity3DRider.cs Line: 292)

Invoked RoslynAnalysisRunner static constructor.
RoslynAnalysisRunner will not be running.
RoslynAnalysisRunner has terminated.
Mono: successfully reloaded assembly
- Completed reload, in  0.757 seconds
Platform modules already initialized, skipping
========================================================================
Worker process is ready to serve import requests
Shader 'Universal Render Pipeline/Particles/Lit': fallback shader 'Universal Render Pipeline/Particles/SimpleLit' not found
Launched and connected shader compiler UnityShaderCompiler.exe after 0.05 seconds
Refreshing native plugins compatible for Editor in 0.56 ms, found 0 plugins.
Preloading 0 native plugins for Editor in 0.00 ms.
Unloading 2657 Unused Serialized files (Serialized files now loaded: 0)
System memory in use before: 115.7 MB.
System memory in use after: 115.9 MB.

Unloading 34 unused Assets to reduce memory usage. Loaded Objects now: 3087.
Total: 1.795800 ms (FindLiveObjects: 0.261200 ms CreateObjectMapping: 0.061300 ms MarkObjects: 1.421400 ms  DeleteObjects: 0.050900 ms)

========================================================================
Received Import Request.
  path: Assets/RollTableExamples/Prefabs/Minions/frankenstein.prefab
  artifactKey: Guid(d649709b5de6bc74cb70666ad74cc9cd) Importer(815301076,1909f56bfc062723c751e8b465ee728b)
Start importing Assets/RollTableExamples/Prefabs/Minions/frankenstein.prefab using Guid(d649709b5de6bc74cb70666ad74cc9cd) Importer(815301076,1909f56bfc062723c751e8b465ee728b) Recursive Serialization is not supported. You can't dereference a PPtr while loading. (Constructors of C# classes may not load objects either. See stacktrace.)

Serialization depth limit 10 exceeded at 'RollAnything::RollEntry.myObject'. There may be an object composition cycle in one or more of your serialized classes.

Serialization hierarchy:
11: RollAnything::RollEntry.myObject
10: RollAnything::RollTable._rollEntries
9: RollAnything::RollTable._parents
8: RollAnything::RollTable._parents
7: RollAnything::RollTable._parents
6: RollAnything::RollTable._parents
5: RollAnything::RollTable._parents
4: RollAnything::RollTable._parents
3: RollAnything::RollTable._parents
2: RollAnything::RollTable._parents
1: RollAnything::RollTable._parents
0: RollTableExamples::TableCoil._zappables

 -> (artifact id: 'f54e0e2a936045378af7c4a5c083d5ce') in 0.098937 seconds
  Import took 0.102660 seconds .

========================================================================
Received Import Request.
  Time since last request: 62.466253 seconds.
  path: Assets/RollTableExamples/Prefabs/zapLine.prefab
  artifactKey: Guid(0f8df09fa0f7c0b4ba695f8602307c46) Importer(815301076,1909f56bfc062723c751e8b465ee728b)
Start importing Assets/RollTableExamples/Prefabs/zapLine.prefab using Guid(0f8df09fa0f7c0b4ba695f8602307c46) Importer(815301076,1909f56bfc062723c751e8b465ee728b)  -> (artifact id: '7901a12c82edd6ef80344d2bc5f8da56') in 0.006188 seconds
  Import took 0.010447 seconds .

========================================================================
Received Import Request.
  Time since last request: 0.030871 seconds.
  path: Assets/RollTableExamples/Prefabs/zapLine.prefab
  artifactKey: Guid(0f8df09fa0f7c0b4ba695f8602307c46) Importer(815301076,1909f56bfc062723c751e8b465ee728b)
Start importing Assets/RollTableExamples/Prefabs/zapLine.prefab using Guid(0f8df09fa0f7c0b4ba695f8602307c46) Importer(815301076,1909f56bfc062723c751e8b465ee728b)  -> (artifact id: '7901a12c82edd6ef80344d2bc5f8da56') in 0.003237 seconds
  Import took 0.006805 seconds .

========================================================================
Received Import Request.
  Time since last request: 0.477574 seconds.
  path: Assets/RollTableExamples/Prefabs/Table Coil.prefab
  artifactKey: Guid(a60e2515e378d1c4982f27291a657a60) Importer(815301076,1909f56bfc062723c751e8b465ee728b)
Start importing Assets/RollTableExamples/Prefabs/Table Coil.prefab using Guid(a60e2515e378d1c4982f27291a657a60) Importer(815301076,1909f56bfc062723c751e8b465ee728b)  -> (artifact id: '9cbfab4769de539580240dd47b31d46f') in 0.014187 seconds
  Import took 0.018496 seconds .

========================================================================
Received Import Request.
  Time since last request: 5.681452 seconds.
  path: Assets/Editor/Inspector
  artifactKey: Guid(3eba95836cc58ec47828d65cdece90c8) Importer(815301076,1909f56bfc062723c751e8b465ee728b)
Start importing Assets/Editor/Inspector using Guid(3eba95836cc58ec47828d65cdece90c8) Importer(815301076,1909f56bfc062723c751e8b465ee728b)  -> (artifact id: 'fff24c62101da8169f00ce77cda3f1be') in 0.005052 seconds
  Import took 0.008923 seconds .

========================================================================
Received Import Request.
  Time since last request: 0.881847 seconds.
  path: Assets/Editor/Inspector/RollTablePropertyDrawer.cs
  artifactKey: Guid(a9ecb37810e683640b5252429fb78c36) Importer(815301076,1909f56bfc062723c751e8b465ee728b)
Start importing Assets/Editor/Inspector/RollTablePropertyDrawer.cs using Guid(a9ecb37810e683640b5252429fb78c36) Importer(815301076,1909f56bfc062723c751e8b465ee728b)  -> (artifact id: 'fee2149522f50ac5229398ef2de35c12') in 0.014738 seconds
  Import took 0.018313 seconds .

========================================================================
Received Import Request.
  Time since last request: 1.634173 seconds.
  path: Assets/Editor/Inspector/RollTableView.cs
  artifactKey: Guid(89a1c6708a9251d42b0b1a86486b75c8) Importer(815301076,1909f56bfc062723c751e8b465ee728b)
Start importing Assets/Editor/Inspector/RollTableView.cs using Guid(89a1c6708a9251d42b0b1a86486b75c8) Importer(815301076,1909f56bfc062723c751e8b465ee728b)  -> (artifact id: 'a0157bba7ec176ab12e8be7e4d53f822') in 0.005280 seconds
  Import took 0.009038 seconds .

========================================================================
Received Import Request.
  Time since last request: 0.001695 seconds.
  path: Assets/Editor/Inspector/RollTableView.cs
  artifactKey: Guid(89a1c6708a9251d42b0b1a86486b75c8) Importer(815301076,1909f56bfc062723c751e8b465ee728b)
Start importing Assets/Editor/Inspector/RollTableView.cs using Guid(89a1c6708a9251d42b0b1a86486b75c8) Importer(815301076,1909f56bfc062723c751e8b465ee728b)  -> (artifact id: 'a0157bba7ec176ab12e8be7e4d53f822') in 0.002337 seconds
  Import took 0.006065 seconds .

========================================================================
Received Import Request.
  Time since last request: 93.815175 seconds.
  path: Assets/Editor/Inspector/RollTablePropertyDrawer.cs
  artifactKey: Guid(a9ecb37810e683640b5252429fb78c36) Importer(815301076,1909f56bfc062723c751e8b465ee728b)
Start importing Assets/Editor/Inspector/RollTablePropertyDrawer.cs using Guid(a9ecb37810e683640b5252429fb78c36) Importer(815301076,1909f56bfc062723c751e8b465ee728b)  -> (artifact id: '8a4e709a166e54f291a73617ab360d95') in 0.002054 seconds
  Import took 0.005764 seconds .

========================================================================
Received Prepare
Registering precompiled user dll's ...
Registered in 0.001894 seconds.
Begin MonoManager ReloadAssembly
Native extension for WindowsStandalone target not found
Refreshing native plugins compatible for Editor in 0.57 ms, found 0 plugins.
Preloading 0 native plugins for Editor in 0.00 ms.
[Rider] [Info] Rider plugin initialized. You may change the amount of Rider Debug output via Edit -> Preferences -> Rider -> Logging Level
UnityEngine.StackTraceUtility:ExtractStackTrace ()
UnityEngine.DebugLogHandler:LogFormat (UnityEngine.LogType,UnityEngine.Object,string,object[])
UnityEngine.Logger:Log (UnityEngine.LogType,object)
UnityEngine.Debug:Log (object)
Plugins.Editor.JetBrains.RiderPlugin:Log (Plugins.Editor.JetBrains.RiderPlugin/LoggingLevel,string) (at Assets/Plugins/Editor/JetBrains/Unity3DRider.cs:292)
Plugins.Editor.JetBrains.RiderPlugin:InitRiderPlugin () (at Assets/Plugins/Editor/JetBrains/Unity3DRider.cs:419)
Plugins.Editor.JetBrains.RiderPlugin:.cctor () (at Assets/Plugins/Editor/JetBrains/Unity3DRider.cs:406)
System.Runtime.CompilerServices.RuntimeHelpers:RunClassConstructor (System.RuntimeTypeHandle)
UnityEditor.EditorAssemblies:ProcessInitializeOnLoadAttributes (System.Type[])

(Filename: Assets/Plugins/Editor/JetBrains/Unity3DRider.cs Line: 292)

Invoked RoslynAnalysisRunner static constructor.
RoslynAnalysisRunner will not be running.
RoslynAnalysisRunner has terminated.
Mono: successfully reloaded assembly
- Completed reload, in  0.671 seconds
Platform modules already initialized, skipping
Shader 'Universal Render Pipeline/Particles/Lit': fallback shader 'Universal Render Pipeline/Particles/SimpleLit' not found
Refreshing native plugins compatible for Editor in 0.56 ms, found 0 plugins.
Preloading 0 native plugins for Editor in 0.00 ms.
Unloading 2596 Unused Serialized files (Serialized files now loaded: 0)
System memory in use before: 114.9 MB.
System memory in use after: 115.2 MB.

Unloading 26 unused Assets to reduce memory usage. Loaded Objects now: 3097.
Total: 1.814400 ms (FindLiveObjects: 0.244500 ms CreateObjectMapping: 0.060700 ms MarkObjects: 1.487800 ms  DeleteObjects: 0.020300 ms)

========================================================================
Received Import Request.
  Time since last request: 259.760873 seconds.
  path: Assets/Editor/Inspector/RollTablePropertyDrawer.cs
  artifactKey: Guid(a9ecb37810e683640b5252429fb78c36) Importer(815301076,1909f56bfc062723c751e8b465ee728b)
Start importing Assets/Editor/Inspector/RollTablePropertyDrawer.cs using Guid(a9ecb37810e683640b5252429fb78c36) Importer(815301076,1909f56bfc062723c751e8b465ee728b)  -> (artifact id: '75920dd0064e60e99b08914435165ee8') in 0.005418 seconds
  Import took 0.009266 seconds .

========================================================================
Received Import Request.
  Time since last request: 0.058145 seconds.
  path: Assets/Editor/Inspector/RollTablePropertyDrawer.cs
  artifactKey: Guid(a9ecb37810e683640b5252429fb78c36) Importer(815301076,1909f56bfc062723c751e8b465ee728b)
Start importing Assets/Editor/Inspector/RollTablePropertyDrawer.cs using Guid(a9ecb37810e683640b5252429fb78c36) Importer(815301076,1909f56bfc062723c751e8b465ee728b)  -> (artifact id: '75920dd0064e60e99b08914435165ee8') in 0.002066 seconds
  Import took 0.005749 seconds .

========================================================================
Received Prepare
Registering precompiled user dll's ...
Registered in 0.001926 seconds.
Begin MonoManager ReloadAssembly
Native extension for WindowsStandalone target not found
Refreshing native plugins compatible for Editor in 0.59 ms, found 0 plugins.
Preloading 0 native plugins for Editor in 0.00 ms.
[Rider] [Info] Rider plugin initialized. You may change the amount of Rider Debug output via Edit -> Preferences -> Rider -> Logging Level
UnityEngine.StackTraceUtility:ExtractStackTrace ()
UnityEngine.DebugLogHandler:LogFormat (UnityEngine.LogType,UnityEngine.Object,string,object[])
UnityEngine.Logger:Log (UnityEngine.LogType,object)
UnityEngine.Debug:Log (object)
Plugins.Editor.JetBrains.RiderPlugin:Log (Plugins.Editor.JetBrains.RiderPlugin/LoggingLevel,string) (at Assets/Plugins/Editor/JetBrains/Unity3DRider.cs:292)
Plugins.Editor.JetBrains.RiderPlugin:InitRiderPlugin () (at Assets/Plugins/Editor/JetBrains/Unity3DRider.cs:419)
Plugins.Editor.JetBrains.RiderPlugin:.cctor () (at Assets/Plugins/Editor/JetBrains/Unity3DRider.cs:406)
System.Runtime.CompilerServices.RuntimeHelpers:RunClassConstructor (System.RuntimeTypeHandle)
UnityEditor.EditorAssemblies:ProcessInitializeOnLoadAttributes (System.Type[])

(Filename: Assets/Plugins/Editor/JetBrains/Unity3DRider.cs Line: 292)

Invoked RoslynAnalysisRunner static constructor.
RoslynAnalysisRunner will not be running.
RoslynAnalysisRunner has terminated.
Mono: successfully reloaded assembly
- Completed reload, in  0.689 seconds
Platform modules already initialized, skipping
Shader 'Universal Render Pipeline/Particles/Lit': fallback shader 'Universal Render Pipeline/Particles/SimpleLit' not found
Refreshing native plugins compatible for Editor in 0.61 ms, found 0 plugins.
Preloading 0 native plugins for Editor in 0.00 ms.
Unloading 2596 Unused Serialized files (Serialized files now loaded: 0)
System memory in use before: 115.0 MB.
System memory in use after: 115.2 MB.

Unloading 25 unused Assets to reduce memory usage. Loaded Objects now: 3099.
Total: 1.738200 ms (FindLiveObjects: 0.255400 ms CreateObjectMapping: 0.059800 ms MarkObjects: 1.404400 ms  DeleteObjects: 0.017500 ms)

========================================================================
Received Import Request.
  Time since last request: 152.208386 seconds.
  path: Assets/Editor/Inspector/RollTablePropertyDrawer.cs
  artifactKey: Guid(a9ecb37810e683640b5252429fb78c36) Importer(815301076,1909f56bfc062723c751e8b465ee728b)
Start importing Assets/Editor/Inspector/RollTablePropertyDrawer.cs using Guid(a9ecb37810e683640b5252429fb78c36) Importer(815301076,1909f56bfc062723c751e8b465ee728b)  -> (artifact id: '3af75aa4f099b7d13847110fd6382d6d') in 0.006422 seconds
  Import took 0.011042 seconds .

========================================================================
Received Import Request.
  Time since last request: 0.058632 seconds.
  path: Assets/Editor/Inspector/RollTablePropertyDrawer.cs
  artifactKey: Guid(a9ecb37810e683640b5252429fb78c36) Importer(815301076,1909f56bfc062723c751e8b465ee728b)
Start importing Assets/Editor/Inspector/RollTablePropertyDrawer.cs using Guid(a9ecb37810e683640b5252429fb78c36) Importer(815301076,1909f56bfc062723c751e8b465ee728b)  -> (artifact id: '3af75aa4f099b7d13847110fd6382d6d') in 0.007563 seconds
  Import took 0.011567 seconds .

========================================================================
Received Import Request.
  Time since last request: 16.662768 seconds.
  path: Assets/Editor/Inspector/RollTablePropertyDrawer.cs
  artifactKey: Guid(a9ecb37810e683640b5252429fb78c36) Importer(815301076,1909f56bfc062723c751e8b465ee728b)
Start importing Assets/Editor/Inspector/RollTablePropertyDrawer.cs using Guid(a9ecb37810e683640b5252429fb78c36) Importer(815301076,1909f56bfc062723c751e8b465ee728b)  -> (artifact id: 'af02bf3b97263919dc7661b290e08774') in 0.001961 seconds
  Import took 0.005777 seconds .

========================================================================
Received Prepare
Registering precompiled user dll's ...
Registered in 0.001918 seconds.
Begin MonoManager ReloadAssembly
Native extension for WindowsStandalone target not found
Refreshing native plugins compatible for Editor in 0.56 ms, found 0 plugins.
Preloading 0 native plugins for Editor in 0.00 ms.
[Rider] [Info] Rider plugin initialized. You may change the amount of Rider Debug output via Edit -> Preferences -> Rider -> Logging Level
UnityEngine.StackTraceUtility:ExtractStackTrace ()
UnityEngine.DebugLogHandler:LogFormat (UnityEngine.LogType,UnityEngine.Object,string,object[])
UnityEngine.Logger:Log (UnityEngine.LogType,object)
UnityEngine.Debug:Log (object)
Plugins.Editor.JetBrains.RiderPlugin:Log (Plugins.Editor.JetBrains.RiderPlugin/LoggingLevel,string) (at Assets/Plugins/Editor/JetBrains/Unity3DRider.cs:292)
Plugins.Editor.JetBrains.RiderPlugin:InitRiderPlugin () (at Assets/Plugins/Editor/JetBrains/Unity3DRider.cs:419)
Plugins.Editor.JetBrains.RiderPlugin:.cctor () (at Assets/Plugins/Editor/JetBrains/Unity3DRider.cs:406)
System.Runtime.CompilerServices.RuntimeHelpers:RunClassConstructor (System.RuntimeTypeHandle)
UnityEditor.EditorAssemblies:ProcessInitializeOnLoadAttributes (System.Type[])

(Filename: Assets/Plugins/Editor/JetBrains/Unity3DRider.cs Line: 292)

Invoked RoslynAnalysisRunner static constructor.
RoslynAnalysisRunner will not be running.
RoslynAnalysisRunner has terminated.
Mono: successfully reloaded assembly
- Completed reload, in  0.677 seconds
Platform modules already initialized, skipping
Shader 'Universal Render Pipeline/Particles/Lit': fallback shader 'Universal Render Pipeline/Particles/SimpleLit' not found
Refreshing native plugins compatible for Editor in 0.56 ms, found 0 plugins.
Preloading 0 native plugins for Editor in 0.00 ms.
Unloading 2596 Unused Serialized files (Serialized files now loaded: 0)
System memory in use before: 116.0 MB.
System memory in use after: 116.2 MB.

Unloading 25 unused Assets to reduce memory usage. Loaded Objects now: 3101.
Total: 1.915500 ms (FindLiveObjects: 0.311000 ms CreateObjectMapping: 0.062300 ms MarkObjects: 1.523700 ms  DeleteObjects: 0.017500 ms)

========================================================================
Received Import Request.
  Time since last request: 11.639554 seconds.
  path: Assets/Editor/Inspector/RollTablePropertyDrawer.cs
  artifactKey: Guid(a9ecb37810e683640b5252429fb78c36) Importer(815301076,1909f56bfc062723c751e8b465ee728b)
Start importing Assets/Editor/Inspector/RollTablePropertyDrawer.cs using Guid(a9ecb37810e683640b5252429fb78c36) Importer(815301076,1909f56bfc062723c751e8b465ee728b)  -> (artifact id: '738d37f4db0382adcfcc154f79fd9018') in 0.005181 seconds
  Import took 0.009260 seconds .

========================================================================
Received Import Request.
  Time since last request: 28.459011 seconds.
  path: Assets/Editor/Inspector/RollTablePropertyDrawer.cs
  artifactKey: Guid(a9ecb37810e683640b5252429fb78c36) Importer(815301076,1909f56bfc062723c751e8b465ee728b)
Start importing Assets/Editor/Inspector/RollTablePropertyDrawer.cs using Guid(a9ecb37810e683640b5252429fb78c36) Importer(815301076,1909f56bfc062723c751e8b465ee728b)  -> (artifact id: '8487882de9e0aedcbe22250ff2cdf9c7') in 0.002095 seconds
  Import took 0.005555 seconds .

========================================================================
Received Import Request.
  Time since last request: 1.602724 seconds.
  path: Assets/Editor/Inspector/RollTablePropertyDrawer.cs
  artifactKey: Guid(a9ecb37810e683640b5252429fb78c36) Importer(815301076,1909f56bfc062723c751e8b465ee728b)
Start importing Assets/Editor/Inspector/RollTablePropertyDrawer.cs using Guid(a9ecb37810e683640b5252429fb78c36) Importer(815301076,1909f56bfc062723c751e8b465ee728b)  -> (artifact id: 'be2e85e337c3a4c35977f6cf4ba542e1') in 0.002286 seconds
  Import took 0.005725 seconds .

========================================================================
Received Import Request.
  Time since last request: 0.033672 seconds.
  path: Assets/Editor/Inspector/RollTablePropertyDrawer.cs
  artifactKey: Guid(a9ecb37810e683640b5252429fb78c36) Importer(815301076,1909f56bfc062723c751e8b465ee728b)
Start importing Assets/Editor/Inspector/RollTablePropertyDrawer.cs using Guid(a9ecb37810e683640b5252429fb78c36) Importer(815301076,1909f56bfc062723c751e8b465ee728b)  -> (artifact id: 'be2e85e337c3a4c35977f6cf4ba542e1') in 0.002160 seconds
  Import took 0.005811 seconds .

========================================================================
Received Import Request.
  Time since last request: 2.793153 seconds.
  path: Assets/Editor/Inspector/RollTablePropertyDrawer.cs
  artifactKey: Guid(a9ecb37810e683640b5252429fb78c36) Importer(815301076,1909f56bfc062723c751e8b465ee728b)
Start importing Assets/Editor/Inspector/RollTablePropertyDrawer.cs using Guid(a9ecb37810e683640b5252429fb78c36) Importer(815301076,1909f56bfc062723c751e8b465ee728b)  -> (artifact id: '11293f0ffa84fbcdf2e6a918f05283a2') in 0.001897 seconds
  Import took 0.005507 seconds .

========================================================================
Received Import Request.
  Time since last request: 3.242064 seconds.
  path: Assets/Editor/Inspector/RollTablePropertyDrawer.cs
  artifactKey: Guid(a9ecb37810e683640b5252429fb78c36) Importer(815301076,1909f56bfc062723c751e8b465ee728b)
Start importing Assets/Editor/Inspector/RollTablePropertyDrawer.cs using Guid(a9ecb37810e683640b5252429fb78c36) Importer(815301076,1909f56bfc062723c751e8b465ee728b)  -> (artifact id: '1f6b0c78bf88b30d39e9c412620c5866') in 0.002053 seconds
  Import took 0.005703 seconds .

========================================================================
Received Prepare
Registering precompiled user dll's ...
Registered in 0.001844 seconds.
Begin MonoManager ReloadAssembly
Native extension for WindowsStandalone target not found
Refreshing native plugins compatible for Editor in 0.57 ms, found 0 plugins.
Preloading 0 native plugins for Editor in 0.00 ms.
[Rider] [Info] Rider plugin initialized. You may change the amount of Rider Debug output via Edit -> Preferences -> Rider -> Logging Level
UnityEngine.StackTraceUtility:ExtractStackTrace ()
UnityEngine.DebugLogHandler:LogFormat (UnityEngine.LogType,UnityEngine.Object,string,object[])
UnityEngine.Logger:Log (UnityEngine.LogType,object)
UnityEngine.Debug:Log (object)
Plugins.Editor.JetBrains.RiderPlugin:Log (Plugins.Editor.JetBrains.RiderPlugin/LoggingLevel,string) (at Assets/Plugins/Editor/JetBrains/Unity3DRider.cs:292)
Plugins.Editor.JetBrains.RiderPlugin:InitRiderPlugin () (at Assets/Plugins/Editor/JetBrains/Unity3DRider.cs:419)
Plugins.Editor.JetBrains.RiderPlugin:.cctor () (at Assets/Plugins/Editor/JetBrains/Unity3DRider.cs:406)
System.Runtime.CompilerServices.RuntimeHelpers:RunClassConstructor (System.RuntimeTypeHandle)
UnityEditor.EditorAssemblies:ProcessInitializeOnLoadAttributes (System.Type[])

(Filename: Assets/Plugins/Editor/JetBrains/Unity3DRider.cs Line: 292)

Invoked RoslynAnalysisRunner static constructor.
RoslynAnalysisRunner will not be running.
RoslynAnalysisRunner has terminated.
Mono: successfully reloaded assembly
- Completed reload, in  0.670 seconds
Platform modules already initialized, skipping
Shader 'Universal Render Pipeline/Particles/Lit': fallback shader 'Universal Render Pipeline/Particles/SimpleLit' not found
Refreshing native plugins compatible for Editor in 0.57 ms, found 0 plugins.
Preloading 0 native plugins for Editor in 0.00 ms.
Unloading 2596 Unused Serialized files (Serialized files now loaded: 0)
System memory in use before: 116.0 MB.
System memory in use after: 116.3 MB.

Unloading 25 unused Assets to reduce memory usage. Loaded Objects now: 3103.
Total: 1.983500 ms (FindLiveObjects: 0.269600 ms CreateObjectMapping: 0.070000 ms MarkObjects: 1.622200 ms  DeleteObjects: 0.020900 ms)

========================================================================
Received Prepare
Registering precompiled user dll's ...
Registered in 0.001980 seconds.
Begin MonoManager ReloadAssembly
Native extension for WindowsStandalone target not found
Refreshing native plugins compatible for Editor in 0.56 ms, found 0 plugins.
Preloading 0 native plugins for Editor in 0.00 ms.
[Rider] [Info] Rider plugin initialized. You may change the amount of Rider Debug output via Edit -> Preferences -> Rider -> Logging Level
UnityEngine.StackTraceUtility:ExtractStackTrace ()
UnityEngine.DebugLogHandler:LogFormat (UnityEngine.LogType,UnityEngine.Object,string,object[])
UnityEngine.Logger:Log (UnityEngine.LogType,object)
UnityEngine.Debug:Log (object)
Plugins.Editor.JetBrains.RiderPlugin:Log (Plugins.Editor.JetBrains.RiderPlugin/LoggingLevel,string) (at Assets/Plugins/Editor/JetBrains/Unity3DRider.cs:292)
Plugins.Editor.JetBrains.RiderPlugin:InitRiderPlugin () (at Assets/Plugins/Editor/JetBrains/Unity3DRider.cs:419)
Plugins.Editor.JetBrains.RiderPlugin:.cctor () (at Assets/Plugins/Editor/JetBrains/Unity3DRider.cs:406)
System.Runtime.CompilerServices.RuntimeHelpers:RunClassConstructor (System.RuntimeTypeHandle)
UnityEditor.EditorAssemblies:ProcessInitializeOnLoadAttributes (System.Type[])

(Filename: Assets/Plugins/Editor/JetBrains/Unity3DRider.cs Line: 292)

Invoked RoslynAnalysisRunner static constructor.
RoslynAnalysisRunner will not be running.
RoslynAnalysisRunner has terminated.
Mono: successfully reloaded assembly
- Completed reload, in  0.668 seconds
Platform modules already initialized, skipping
Shader 'Universal Render Pipeline/Particles/Lit': fallback shader 'Universal Render Pipeline/Particles/SimpleLit' not found
Refreshing native plugins compatible for Editor in 0.57 ms, found 0 plugins.
Preloading 0 native plugins for Editor in 0.00 ms.
Unloading 2596 Unused Serialized files (Serialized files now loaded: 0)
System memory in use before: 115.9 MB.
System memory in use after: 116.1 MB.

Unloading 25 unused Assets to reduce memory usage. Loaded Objects now: 3105.
Total: 1.825600 ms (FindLiveObjects: 0.287100 ms CreateObjectMapping: 0.070200 ms MarkObjects: 1.452900 ms  DeleteObjects: 0.014600 ms)

========================================================================
Received Prepare
Registering precompiled user dll's ...
Registered in 0.003225 seconds.
Begin MonoManager ReloadAssembly
Native extension for WindowsStandalone target not found
Refreshing native plugins compatible for Editor in 0.59 ms, found 0 plugins.
Preloading 0 native plugins for Editor in 0.00 ms.
[Rider] [Info] Rider plugin initialized. You may change the amount of Rider Debug output via Edit -> Preferences -> Rider -> Logging Level
UnityEngine.StackTraceUtility:ExtractStackTrace ()
UnityEngine.DebugLogHandler:LogFormat (UnityEngine.LogType,UnityEngine.Object,string,object[])
UnityEngine.Logger:Log (UnityEngine.LogType,object)
UnityEngine.Debug:Log (object)
Plugins.Editor.JetBrains.RiderPlugin:Log (Plugins.Editor.JetBrains.RiderPlugin/LoggingLevel,string) (at Assets/Plugins/Editor/JetBrains/Unity3DRider.cs:292)
Plugins.Editor.JetBrains.RiderPlugin:InitRiderPlugin () (at Assets/Plugins/Editor/JetBrains/Unity3DRider.cs:419)
Plugins.Editor.JetBrains.RiderPlugin:.cctor () (at Assets/Plugins/Editor/JetBrains/Unity3DRider.cs:406)
System.Runtime.CompilerServices.RuntimeHelpers:RunClassConstructor (System.RuntimeTypeHandle)
UnityEditor.EditorAssemblies:ProcessInitializeOnLoadAttributes (System.Type[])

(Filename: Assets/Plugins/Editor/JetBrains/Unity3DRider.cs Line: 292)

Invoked RoslynAnalysisRunner static constructor.
RoslynAnalysisRunner will not be running.
RoslynAnalysisRunner has terminated.
Mono: successfully reloaded assembly
- Completed reload, in  0.681 seconds
Platform modules already initialized, skipping
Shader 'Universal Render Pipeline/Particles/Lit': fallback shader 'Universal Render Pipeline/Particles/SimpleLit' not found
Refreshing native plugins compatible for Editor in 0.56 ms, found 0 plugins.
Preloading 0 native plugins for Editor in 0.00 ms.
Unloading 2596 Unused Serialized files (Serialized files now loaded: 0)
System memory in use before: 116.1 MB.
System memory in use after: 116.3 MB.

Unloading 25 unused Assets to reduce memory usage. Loaded Objects now: 3107.
Total: 1.790700 ms (FindLiveObjects: 0.272000 ms CreateObjectMapping: 0.059700 ms MarkObjects: 1.443800 ms  DeleteObjects: 0.014400 ms)

========================================================================
Received Prepare
Registering precompiled user dll's ...
Registered in 0.001971 seconds.
Begin MonoManager ReloadAssembly
Native extension for WindowsStandalone target not found
Refreshing native plugins compatible for Editor in 0.57 ms, found 0 plugins.
Preloading 0 native plugins for Editor in 0.00 ms.
[Rider] [Info] Rider plugin initialized. You may change the amount of Rider Debug output via Edit -> Preferences -> Rider -> Logging Level
UnityEngine.StackTraceUtility:ExtractStackTrace ()
UnityEngine.DebugLogHandler:LogFormat (UnityEngine.LogType,UnityEngine.Object,string,object[])
UnityEngine.Logger:Log (UnityEngine.LogType,object)
UnityEngine.Debug:Log (object)
Plugins.Editor.JetBrains.RiderPlugin:Log (Plugins.Editor.JetBrains.RiderPlugin/LoggingLevel,string) (at Assets/Plugins/Editor/JetBrains/Unity3DRider.cs:292)
Plugins.Editor.JetBrains.RiderPlugin:InitRiderPlugin () (at Assets/Plugins/Editor/JetBrains/Unity3DRider.cs:419)
Plugins.Editor.JetBrains.RiderPlugin:.cctor () (at Assets/Plugins/Editor/JetBrains/Unity3DRider.cs:406)
System.Runtime.CompilerServices.RuntimeHelpers:RunClassConstructor (System.RuntimeTypeHandle)
UnityEditor.EditorAssemblies:ProcessInitializeOnLoadAttributes (System.Type[])

(Filename: Assets/Plugins/Editor/JetBrains/Unity3DRider.cs Line: 292)

Invoked RoslynAnalysisRunner static constructor.
RoslynAnalysisRunner will not be running.
RoslynAnalysisRunner has terminated.
Mono: successfully reloaded assembly
- Completed reload, in  0.661 seconds
Platform modules already initialized, skipping
Shader 'Universal Render Pipeline/Particles/Lit': fallback shader 'Universal Render Pipeline/Particles/SimpleLit' not found
Refreshing native plugins compatible for Editor in 0.55 ms, found 0 plugins.
Preloading 0 native plugins for Editor in 0.00 ms.
Unloading 2596 Unused Serialized files (Serialized files now loaded: 0)
System memory in use before: 115.9 MB.
System memory in use after: 116.1 MB.

Unloading 25 unused Assets to reduce memory usage. Loaded Objects now: 3109.
Total: 1.996500 ms (FindLiveObjects: 0.279200 ms CreateObjectMapping: 0.068600 ms MarkObjects: 1.628100 ms  DeleteObjects: 0.019900 ms)

========================================================================
Received Prepare
Registering precompiled user dll's ...
Registered in 0.001877 seconds.
Begin MonoManager ReloadAssembly
Native extension for WindowsStandalone target not found
Refreshing native plugins compatible for Editor in 0.56 ms, found 0 plugins.
Preloading 0 native plugins for Editor in 0.00 ms.
[Rider] [Info] Rider plugin initialized. You may change the amount of Rider Debug output via Edit -> Preferences -> Rider -> Logging Level
UnityEngine.StackTraceUtility:ExtractStackTrace ()
UnityEngine.DebugLogHandler:LogFormat (UnityEngine.LogType,UnityEngine.Object,string,object[])
UnityEngine.Logger:Log (UnityEngine.LogType,object)
UnityEngine.Debug:Log (object)
Plugins.Editor.JetBrains.RiderPlugin:Log (Plugins.Editor.JetBrains.RiderPlugin/LoggingLevel,string) (at Assets/Plugins/Editor/JetBrains/Unity3DRider.cs:292)
Plugins.Editor.JetBrains.RiderPlugin:InitRiderPlugin () (at Assets/Plugins/Editor/JetBrains/Unity3DRider.cs:419)
Plugins.Editor.JetBrains.RiderPlugin:.cctor () (at Assets/Plugins/Editor/JetBrains/Unity3DRider.cs:406)
System.Runtime.CompilerServices.RuntimeHelpers:RunClassConstructor (System.RuntimeTypeHandle)
UnityEditor.EditorAssemblies:ProcessInitializeOnLoadAttributes (System.Type[])

(Filename: Assets/Plugins/Editor/JetBrains/Unity3DRider.cs Line: 292)

Invoked RoslynAnalysisRunner static constructor.
RoslynAnalysisRunner will not be running.
RoslynAnalysisRunner has terminated.
Mono: successfully reloaded assembly
- Completed reload, in  0.665 seconds
Platform modules already initialized, skipping
Shader 'Universal Render Pipeline/Particles/Lit': fallback shader 'Universal Render Pipeline/Particles/SimpleLit' not found
Refreshing native plugins compatible for Editor in 0.55 ms, found 0 plugins.
Preloading 0 native plugins for Editor in 0.00 ms.
Unloading 2596 Unused Serialized files (Serialized files now loaded: 0)
System memory in use before: 116.1 MB.
System memory in use after: 116.3 MB.

Unloading 25 unused Assets to reduce memory usage. Loaded Objects now: 3111.
Total: 1.906100 ms (FindLiveObjects: 0.249400 ms CreateObjectMapping: 0.059500 ms MarkObjects: 1.577700 ms  DeleteObjects: 0.018500 ms)

========================================================================
Received Prepare
Registering precompiled user dll's ...
Registered in 0.002240 seconds.
Begin MonoManager ReloadAssembly
Native extension for WindowsStandalone target not found
Refreshing native plugins compatible for Editor in 0.57 ms, found 0 plugins.
Preloading 0 native plugins for Editor in 0.00 ms.
[Rider] [Info] Rider plugin initialized. You may change the amount of Rider Debug output via Edit -> Preferences -> Rider -> Logging Level
UnityEngine.StackTraceUtility:ExtractStackTrace ()
UnityEngine.DebugLogHandler:LogFormat (UnityEngine.LogType,UnityEngine.Object,string,object[])
UnityEngine.Logger:Log (UnityEngine.LogType,object)
UnityEngine.Debug:Log (object)
Plugins.Editor.JetBrains.RiderPlugin:Log (Plugins.Editor.JetBrains.RiderPlugin/LoggingLevel,string) (at Assets/Plugins/Editor/JetBrains/Unity3DRider.cs:292)
Plugins.Editor.JetBrains.RiderPlugin:InitRiderPlugin () (at Assets/Plugins/Editor/JetBrains/Unity3DRider.cs:419)
Plugins.Editor.JetBrains.RiderPlugin:.cctor () (at Assets/Plugins/Editor/JetBrains/Unity3DRider.cs:406)
System.Runtime.CompilerServices.RuntimeHelpers:RunClassConstructor (System.RuntimeTypeHandle)
UnityEditor.EditorAssemblies:ProcessInitializeOnLoadAttributes (System.Type[])

(Filename: Assets/Plugins/Editor/JetBrains/Unity3DRider.cs Line: 292)

Invoked RoslynAnalysisRunner static constructor.
RoslynAnalysisRunner will not be running.
RoslynAnalysisRunner has terminated.
Mono: successfully reloaded assembly
- Completed reload, in  0.671 seconds
Platform modules already initialized, skipping
Shader 'Universal Render Pipeline/Particles/Lit': fallback shader 'Universal Render Pipeline/Particles/SimpleLit' not found
Refreshing native plugins compatible for Editor in 0.56 ms, found 0 plugins.
Preloading 0 native plugins for Editor in 0.00 ms.
Unloading 2596 Unused Serialized files (Serialized files now loaded: 0)
System memory in use before: 115.9 MB.
System memory in use after: 116.1 MB.

Unloading 25 unused Assets to reduce memory usage. Loaded Objects now: 3113.
Total: 2.462600 ms (FindLiveObjects: 0.241900 ms CreateObjectMapping: 0.060700 ms MarkObjects: 2.142800 ms  DeleteObjects: 0.016400 ms)

========================================================================
Received Prepare
Registering precompiled user dll's ...
Registered in 0.001789 seconds.
Begin MonoManager ReloadAssembly
Native extension for WindowsStandalone target not found
Refreshing native plugins compatible for Editor in 0.57 ms, found 0 plugins.
Preloading 0 native plugins for Editor in 0.00 ms.
[Rider] [Info] Rider plugin initialized. You may change the amount of Rider Debug output via Edit -> Preferences -> Rider -> Logging Level
UnityEngine.StackTraceUtility:ExtractStackTrace ()
UnityEngine.DebugLogHandler:LogFormat (UnityEngine.LogType,UnityEngine.Object,string,object[])
UnityEngine.Logger:Log (UnityEngine.LogType,object)
UnityEngine.Debug:Log (object)
Plugins.Editor.JetBrains.RiderPlugin:Log (Plugins.Editor.JetBrains.RiderPlugin/LoggingLevel,string) (at Assets/Plugins/Editor/JetBrains/Unity3DRider.cs:292)
Plugins.Editor.JetBrains.RiderPlugin:InitRiderPlugin () (at Assets/Plugins/Editor/JetBrains/Unity3DRider.cs:419)
Plugins.Editor.JetBrains.RiderPlugin:.cctor () (at Assets/Plugins/Editor/JetBrains/Unity3DRider.cs:406)
System.Runtime.CompilerServices.RuntimeHelpers:RunClassConstructor (System.RuntimeTypeHandle)
UnityEditor.EditorAssemblies:ProcessInitializeOnLoadAttributes (System.Type[])

(Filename: Assets/Plugins/Editor/JetBrains/Unity3DRider.cs Line: 292)

Invoked RoslynAnalysisRunner static constructor.
RoslynAnalysisRunner will not be running.
RoslynAnalysisRunner has terminated.
Mono: successfully reloaded assembly
- Completed reload, in  0.659 seconds
Platform modules already initialized, skipping
Shader 'Universal Render Pipeline/Particles/Lit': fallback shader 'Universal Render Pipeline/Particles/SimpleLit' not found
Refreshing native plugins compatible for Editor in 0.63 ms, found 0 plugins.
Preloading 0 native plugins for Editor in 0.00 ms.
Unloading 2596 Unused Serialized files (Serialized files now loaded: 0)
System memory in use before: 116.0 MB.
System memory in use after: 116.2 MB.

Unloading 25 unused Assets to reduce memory usage. Loaded Objects now: 3115.
Total: 1.851000 ms (FindLiveObjects: 0.288900 ms CreateObjectMapping: 0.061300 ms MarkObjects: 1.484700 ms  DeleteObjects: 0.015100 ms)

========================================================================
Received Prepare
Registering precompiled user dll's ...
Registered in 0.001995 seconds.
Begin MonoManager ReloadAssembly
Native extension for WindowsStandalone target not found
Refreshing native plugins compatible for Editor in 0.57 ms, found 0 plugins.
Preloading 0 native plugins for Editor in 0.00 ms.
[Rider] [Info] Rider plugin initialized. You may change the amount of Rider Debug output via Edit -> Preferences -> Rider -> Logging Level
UnityEngine.StackTraceUtility:ExtractStackTrace ()
UnityEngine.DebugLogHandler:LogFormat (UnityEngine.LogType,UnityEngine.Object,string,object[])
UnityEngine.Logger:Log (UnityEngine.LogType,object)
UnityEngine.Debug:Log (object)
Plugins.Editor.JetBrains.RiderPlugin:Log (Plugins.Editor.JetBrains.RiderPlugin/LoggingLevel,string) (at Assets/Plugins/Editor/JetBrains/Unity3DRider.cs:292)
Plugins.Editor.JetBrains.RiderPlugin:InitRiderPlugin () (at Assets/Plugins/Editor/JetBrains/Unity3DRider.cs:419)
Plugins.Editor.JetBrains.RiderPlugin:.cctor () (at Assets/Plugins/Editor/JetBrains/Unity3DRider.cs:406)
System.Runtime.CompilerServices.RuntimeHelpers:RunClassConstructor (System.RuntimeTypeHandle)
UnityEditor.EditorAssemblies:ProcessInitializeOnLoadAttributes (System.Type[])

(Filename: Assets/Plugins/Editor/JetBrains/Unity3DRider.cs Line: 292)

Invoked RoslynAnalysisRunner static constructor.
RoslynAnalysisRunner will not be running.
RoslynAnalysisRunner has terminated.
Mono: successfully reloaded assembly
- Completed reload, in  0.676 seconds
Platform modules already initialized, skipping
Shader 'Universal Render Pipeline/Particles/Lit': fallback shader 'Universal Render Pipeline/Particles/SimpleLit' not found
Refreshing native plugins compatible for Editor in 0.55 ms, found 0 plugins.
Preloading 0 native plugins for Editor in 0.00 ms.
Unloading 2596 Unused Serialized files (Serialized files now loaded: 0)
System memory in use before: 115.9 MB.
System memory in use after: 116.1 MB.

Unloading 25 unused Assets to reduce memory usage. Loaded Objects now: 3117.
Total: 1.979600 ms (FindLiveObjects: 0.268400 ms CreateObjectMapping: 0.070900 ms MarkObjects: 1.621000 ms  DeleteObjects: 0.018600 ms)

========================================================================
Received Prepare
Registering precompiled user dll's ...
Registered in 0.001864 seconds.
Begin MonoManager ReloadAssembly
Native extension for WindowsStandalone target not found
Refreshing native plugins compatible for Editor in 0.57 ms, found 0 plugins.
Preloading 0 native plugins for Editor in 0.00 ms.
[Rider] [Info] Rider plugin initialized. You may change the amount of Rider Debug output via Edit -> Preferences -> Rider -> Logging Level
UnityEngine.StackTraceUtility:ExtractStackTrace ()
UnityEngine.DebugLogHandler:LogFormat (UnityEngine.LogType,UnityEngine.Object,string,object[])
UnityEngine.Logger:Log (UnityEngine.LogType,object)
UnityEngine.Debug:Log (object)
Plugins.Editor.JetBrains.RiderPlugin:Log (Plugins.Editor.JetBrains.RiderPlugin/LoggingLevel,string) (at Assets/Plugins/Editor/JetBrains/Unity3DRider.cs:292)
Plugins.Editor.JetBrains.RiderPlugin:InitRiderPlugin () (at Assets/Plugins/Editor/JetBrains/Unity3DRider.cs:419)
Plugins.Editor.JetBrains.RiderPlugin:.cctor () (at Assets/Plugins/Editor/JetBrains/Unity3DRider.cs:406)
System.Runtime.CompilerServices.RuntimeHelpers:RunClassConstructor (System.RuntimeTypeHandle)
UnityEditor.EditorAssemblies:ProcessInitializeOnLoadAttributes (System.Type[])

(Filename: Assets/Plugins/Editor/JetBrains/Unity3DRider.cs Line: 292)

Invoked RoslynAnalysisRunner static constructor.
RoslynAnalysisRunner will not be running.
RoslynAnalysisRunner has terminated.
Mono: successfully reloaded assembly
- Completed reload, in  0.658 seconds
Platform modules already initialized, skipping
Shader 'Universal Render Pipeline/Particles/Lit': fallback shader 'Universal Render Pipeline/Particles/SimpleLit' not found
Refreshing native plugins compatible for Editor in 0.58 ms, found 0 plugins.
Preloading 0 native plugins for Editor in 0.00 ms.
Unloading 2596 Unused Serialized files (Serialized files now loaded: 0)
System memory in use before: 116.1 MB.
System memory in use after: 116.3 MB.

Unloading 25 unused Assets to reduce memory usage. Loaded Objects now: 3119.
Total: 1.773100 ms (FindLiveObjects: 0.242100 ms CreateObjectMapping: 0.059400 ms MarkObjects: 1.455000 ms  DeleteObjects: 0.015500 ms)

