
=== Wed Sep 25 16:03:48 2019

Packages were changed.
Update Mode: mergeDefaultDependencies

The following packages were updated:
  com.unity.ide.rider from version 1.0.8 to 1.1.0
  com.unity.test-framework from version 1.0.17 to 1.1.1
  com.unity.timeline from version 1.1.0 to 1.2.1

=== Tue Oct  1 16:01:10 2019

Packages were changed.
Update Mode: updateDependencies

The following packages were updated:
  com.unity.ide.vscode from version 1.0.7 to 1.1.2
  com.unity.render-pipelines.universal from version 7.0.1 to 7.1.1
  com.unity.timeline from version 1.2.1 to 1.2.2

=== Sat Jan 16 17:46:27 2021

Packages were changed.
Update Mode: updateDependencies

The following packages were added:
  com.unity.ide.visualstudio@2.0.5
The following packages were updated:
  com.unity.ads from version 2.0.8 to 3.5.2
  com.unity.analytics from version 3.3.2 to 3.5.3
  com.unity.collab-proxy from version 1.2.16 to 1.3.9
  com.unity.ext.nunit from version 1.0.0 to 1.0.5
  com.unity.ide.rider from version 1.1.0 to 2.0.7
  com.unity.ide.vscode from version 1.1.2 to 1.2.3
  com.unity.purchasing from version 2.0.6 to 2.1.1
  com.unity.render-pipelines.universal from version 7.1.1 to 10.2.2
  com.unity.test-framework from version 1.1.1 to 1.1.19
  com.unity.textmeshpro from version 2.0.1 to 3.0.1
  com.unity.timeline from version 1.2.2 to 1.2.6
